Using pre-set license
Built from '2020.3/staging' branch; Version is '2020.3.17f1 (a4537701e4ab) revision 10769271'; Using compiler version '192528614'; Build Type 'Release'
OS: 'Windows 10 Home Single Language; OS build 19042.1165; Version 2009; 64bit' Language: 'pt' Physical Memory: 8068 MB
BatchMode: 1, IsHumanControllingUs: 0, StartBugReporterOnCrash: 0, Is64bit: 1, IsPro: 0

COMMAND LINE ARGUMENTS:
C:\Program Files\Unity\Hub\Editor\2020.3.17f1\Editor\Unity.exe
-adb2
-batchMode
-noUpm
-name
AssetImportWorker0
-projectPath
C:/Users/tatah/OneDrive/Documentos/GitHub/Pixel Pics Puzzle
-logFile
Logs/AssetImportWorker0.log
-srvPort
59524
Successfully changed project path to: C:/Users/tatah/OneDrive/Documentos/GitHub/Pixel Pics Puzzle
C:/Users/tatah/OneDrive/Documentos/GitHub/Pixel Pics Puzzle
Using Asset Import Pipeline V2.
Refreshing native plugins compatible for Editor in 53.60 ms, found 3 plugins.
Preloading 0 native plugins for Editor in 0.00 ms.
Initialize engine version: 2020.3.17f1 (a4537701e4ab)
[Subsystems] Discovering subsystems at path C:/Program Files/Unity/Hub/Editor/2020.3.17f1/Editor/Data/Resources/UnitySubsystems
[Subsystems] Discovering subsystems at path C:/Users/tatah/OneDrive/Documentos/GitHub/Pixel Pics Puzzle/Assets
GfxDevice: creating device client; threaded=0
Direct3D:
    Version:  Direct3D 11.0 [level 11.1]
    Renderer: Radeon (TM) 520 (ID=0x6665)
    Vendor:   
    VRAM:     2039 MB
    Driver:   27.20.21002.112
Initialize mono
Mono path[0] = 'C:/Program Files/Unity/Hub/Editor/2020.3.17f1/Editor/Data/Managed'
Mono path[1] = 'C:/Program Files/Unity/Hub/Editor/2020.3.17f1/Editor/Data/MonoBleedingEdge/lib/mono/unityjit'
Mono config path = 'C:/Program Files/Unity/Hub/Editor/2020.3.17f1/Editor/Data/MonoBleedingEdge/etc'
Using monoOptions --debugger-agent=transport=dt_socket,embedding=1,server=y,suspend=n,address=127.0.0.1:56040
Begin MonoManager ReloadAssembly
Registering precompiled unity dll's ...
Register platform support module: C:/Program Files/Unity/Hub/Editor/2020.3.17f1/Editor/Data/PlaybackEngines/WindowsStandaloneSupport/UnityEditor.WindowsStandalone.Extensions.dll
Registered in 0.004943 seconds.
Native extension for WindowsStandalone target not found
Refreshing native plugins compatible for Editor in 77.92 ms, found 3 plugins.
Preloading 0 native plugins for Editor in 0.00 ms.
Mono: successfully reloaded assembly
- Completed reload, in  2.441 seconds
Domain Reload Profiling:
	ReloadAssembly (2442ms)
		BeginReloadAssembly (65ms)
			ExecutionOrderSort (0ms)
			DisableScriptedObjects (0ms)
			BackupInstance (0ms)
			ReleaseScriptingObjects (0ms)
			CreateAndSetChildDomain (1ms)
		EndReloadAssembly (1061ms)
			LoadAssemblies (63ms)
			RebuildTransferFunctionScriptingTraits (0ms)
			SetupTypeCache (401ms)
			ReleaseScriptCaches (0ms)
			RebuildScriptCaches (53ms)
			SetupLoadedEditorAssemblies (493ms)
				LogAssemblyErrors (0ms)
				InitializePlatformSupportModulesInManaged (7ms)
				SetLoadedEditorAssemblies (0ms)
				RefreshPlugins (78ms)
				BeforeProcessingInitializeOnLoad (17ms)
				ProcessInitializeOnLoadAttributes (307ms)
				ProcessInitializeOnLoadMethodAttributes (83ms)
				AfterProcessingInitializeOnLoad (0ms)
				EditorAssembliesLoaded (0ms)
			ExecutionOrderSort2 (0ms)
			AwakeInstancesAfterBackupRestoration (0ms)
Platform modules already initialized, skipping
Registering precompiled user dll's ...
Registered in 0.017691 seconds.
Begin MonoManager ReloadAssembly
Native extension for WindowsStandalone target not found
Refreshing native plugins compatible for Editor in 64.79 ms, found 3 plugins.
Preloading 0 native plugins for Editor in 0.00 ms.
Mono: successfully reloaded assembly
- Completed reload, in  1.758 seconds
Domain Reload Profiling:
	ReloadAssembly (1760ms)
		BeginReloadAssembly (249ms)
			ExecutionOrderSort (0ms)
			DisableScriptedObjects (7ms)
			BackupInstance (0ms)
			ReleaseScriptingObjects (0ms)
			CreateAndSetChildDomain (26ms)
		EndReloadAssembly (1415ms)
			LoadAssemblies (171ms)
			RebuildTransferFunctionScriptingTraits (0ms)
			SetupTypeCache (443ms)
			ReleaseScriptCaches (1ms)
			RebuildScriptCaches (77ms)
			SetupLoadedEditorAssemblies (554ms)
				LogAssemblyErrors (0ms)
				InitializePlatformSupportModulesInManaged (8ms)
				SetLoadedEditorAssemblies (0ms)
				RefreshPlugins (65ms)
				BeforeProcessingInitializeOnLoad (105ms)
				ProcessInitializeOnLoadAttributes (354ms)
				ProcessInitializeOnLoadMethodAttributes (14ms)
				AfterProcessingInitializeOnLoad (8ms)
				EditorAssembliesLoaded (0ms)
			ExecutionOrderSort2 (0ms)
			AwakeInstancesAfterBackupRestoration (8ms)
Platform modules already initialized, skipping
========================================================================
Worker process is ready to serve import requests
Launched and connected shader compiler UnityShaderCompiler.exe after 0.24 seconds
Refreshing native plugins compatible for Editor in 0.47 ms, found 3 plugins.
Preloading 0 native plugins for Editor in 0.00 ms.
Unloading 2091 Unused Serialized files (Serialized files now loaded: 0)
System memory in use before: 93.1 MB.
System memory in use after: 93.2 MB.

Unloading 28 unused Assets to reduce memory usage. Loaded Objects now: 2529.
Total: 5.722800 ms (FindLiveObjects: 0.654500 ms CreateObjectMapping: 0.330300 ms MarkObjects: 4.631400 ms  DeleteObjects: 0.103200 ms)

AssetImportParameters requested are different than current active one (requested -> active):
  custom:framework-win-MediaFoundation: 216162199b28c13a410421893ffa2e32 -> 
  custom:video-decoder-ogg-theora: a1e56fd34408186e4bbccfd4996cb3dc -> 
  custom:container-muxer-webm: aa71ff27fc2769a1b78a27578f13a17b -> 
  custom:container-demuxer-webm: 4f35f7cbe854078d1ac9338744f61a02 -> 
  custom:container-demuxer-ogg: 62fdf1f143b41e24485cea50d1cbac27 -> 
  custom:video-encoder-webm-vp8: eb34c28f22e8b96e1ab97ce403110664 -> 
  custom:video-codec-MediaFoundation-h265: 746d11721c4dcdbdad8f713fa42b33f4 -> 
  custom:video-decoder-webm-vp8: 9c59270c3fd7afecdb556c50c9e8de78 -> 
  custom:audio-decoder-ogg-vorbis: bf7c407c2cedff20999df2af8eb42d56 -> 
  custom:audio-encoder-webm-vorbis: bf7c407c2cedff20999df2af8eb42d56 -> 
========================================================================
Received Import Request.
  path: Assets
  artifactKey: Guid(00000000000000001000000000000000) Importer(815301076,1909f56bfc062723c751e8b465ee728b)
Start importing Assets using Guid(00000000000000001000000000000000) Importer(815301076,1909f56bfc062723c751e8b465ee728b)  -> (artifact id: '42d402b061de3733987d63b9cc3b64de') in 0.007993 seconds 
  Import took 0.013058 seconds .

========================================================================
Received Import Request.
  Time since last request: 0.000473 seconds.
  path: Assets/Nova pasta (7)
  artifactKey: Guid(982dd8404e08cf0429651c74782e97ef) Importer(815301076,1909f56bfc062723c751e8b465ee728b)
Start importing Assets/Nova pasta (7) using Guid(982dd8404e08cf0429651c74782e97ef) Importer(815301076,1909f56bfc062723c751e8b465ee728b)  -> (artifact id: 'a3de3b516004479042f19f8c7ffe54eb') in 0.003946 seconds 
  Import took 0.009335 seconds .

========================================================================
Received Import Request.
  Time since last request: 81.723624 seconds.
  path: Assets/DrawTile.png
  artifactKey: Guid(dbaff7ad2b7d34144b61e0d708df9fa7) Importer(815301076,1909f56bfc062723c751e8b465ee728b)
Start importing Assets/DrawTile.png using Guid(dbaff7ad2b7d34144b61e0d708df9fa7) Importer(815301076,1909f56bfc062723c751e8b465ee728b)  -> (artifact id: '28b662836375ab86e93712b6c1cb73f9') in 0.144199 seconds 
  Import took 0.150376 seconds .

========================================================================
Received Import Request.
  Time since last request: 27.377565 seconds.
  path: Assets/Scenes
  artifactKey: Guid(14653d5700869634ca7fc43334bde896) Importer(815301076,1909f56bfc062723c751e8b465ee728b)
Start importing Assets/Scenes using Guid(14653d5700869634ca7fc43334bde896) Importer(815301076,1909f56bfc062723c751e8b465ee728b)  -> (artifact id: 'dd2a4a01495f3ef54b08ab242e9dc641') in 0.003729 seconds 
  Import took 0.008976 seconds .

========================================================================
Received Import Request.
  Time since last request: 0.429308 seconds.
  path: Assets/Imagens
  artifactKey: Guid(f11cdf090a835054189f0639a3baddff) Importer(815301076,1909f56bfc062723c751e8b465ee728b)
Start importing Assets/Imagens using Guid(f11cdf090a835054189f0639a3baddff) Importer(815301076,1909f56bfc062723c751e8b465ee728b)  -> (artifact id: '85bf97307c03b8c5b142d438e8830215') in 0.005060 seconds 
  Import took 0.010664 seconds .

========================================================================
Received Import Request.
  Time since last request: 0.058335 seconds.
  path: Assets/Imagens/quadradoBorda.png
  artifactKey: Guid(4744e54799d9bda48bbcc737a55ddd22) Importer(815301076,1909f56bfc062723c751e8b465ee728b)
Start importing Assets/Imagens/quadradoBorda.png using Guid(4744e54799d9bda48bbcc737a55ddd22) Importer(815301076,1909f56bfc062723c751e8b465ee728b)  -> (artifact id: '19e0b609aaf00574f936cee2c4477887') in 0.010049 seconds 
  Import took 0.014710 seconds .

========================================================================
Received Import Request.
  Time since last request: 73.074584 seconds.
  path: Assets/Imagens/quadradoBorda.png
  artifactKey: Guid(4744e54799d9bda48bbcc737a55ddd22) Importer(815301076,1909f56bfc062723c751e8b465ee728b)
Start importing Assets/Imagens/quadradoBorda.png using Guid(4744e54799d9bda48bbcc737a55ddd22) Importer(815301076,1909f56bfc062723c751e8b465ee728b)  -> (artifact id: '72ce85091567fb642ad7e8483a9e5f93') in 0.013220 seconds 
  Import took 0.019577 seconds .

========================================================================
Received Import Request.
  Time since last request: 13.683470 seconds.
  path: Assets/Imagens/quadradoBorda.png
  artifactKey: Guid(4744e54799d9bda48bbcc737a55ddd22) Importer(815301076,1909f56bfc062723c751e8b465ee728b)
Start importing Assets/Imagens/quadradoBorda.png using Guid(4744e54799d9bda48bbcc737a55ddd22) Importer(815301076,1909f56bfc062723c751e8b465ee728b)  -> (artifact id: 'a4ac2897100a177d5716c9005a481863') in 0.013709 seconds 
  Import took 0.019004 seconds .

========================================================================
Received Import Request.
  Time since last request: 25.960728 seconds.
  path: Assets/Imagens/quadradoBorda.png
  artifactKey: Guid(4744e54799d9bda48bbcc737a55ddd22) Importer(815301076,1909f56bfc062723c751e8b465ee728b)
Start importing Assets/Imagens/quadradoBorda.png using Guid(4744e54799d9bda48bbcc737a55ddd22) Importer(815301076,1909f56bfc062723c751e8b465ee728b)  -> (artifact id: '6b5730ddea95daf39542a80e58c37806') in 0.010984 seconds 
  Import took 0.018216 seconds .

AssetImportWorkerClient::OnTransportError - code=2 error=End of file
